{"C:\\nodeProjects\\fibonacci-web-app\\server\\src\\api.js": {"path":"C:\\nodeProjects\\fibonacci-web-app\\server\\src\\api.js","statementMap":{"0":{"start":{"line":2,"column":13},"end":{"line":2,"column":28}},"1":{"start":{"line":3,"column":13},"end":{"line":3,"column":28}},"2":{"start":{"line":4,"column":15},"end":{"line":4,"column":32}},"3":{"start":{"line":5,"column":16},"end":{"line":5,"column":34}},"4":{"start":{"line":6,"column":17},"end":{"line":6,"column":36}},"5":{"start":{"line":7,"column":21},"end":{"line":7,"column":55}},"6":{"start":{"line":8,"column":22},"end":{"line":8,"column":47}},"7":{"start":{"line":9,"column":19},"end":{"line":9,"column":49}},"8":{"start":{"line":10,"column":19},"end":{"line":10,"column":49}},"9":{"start":{"line":14,"column":0},"end":{"line":17,"column":3}},"10":{"start":{"line":15,"column":24},"end":{"line":15,"column":61}},"11":{"start":{"line":16,"column":4},"end":{"line":16,"column":28}},"12":{"start":{"line":21,"column":0},"end":{"line":25,"column":2}},"13":{"start":{"line":22,"column":4},"end":{"line":22,"column":35}},"14":{"start":{"line":24,"column":4},"end":{"line":24,"column":20}},"15":{"start":{"line":27,"column":12},"end":{"line":27,"column":21}},"16":{"start":{"line":29,"column":0},"end":{"line":29,"column":27}},"17":{"start":{"line":31,"column":15},"end":{"line":36,"column":1}},"18":{"start":{"line":38,"column":21},"end":{"line":42,"column":1}},"19":{"start":{"line":45,"column":4},"end":{"line":45,"column":42}},"20":{"start":{"line":47,"column":4},"end":{"line":47,"column":24}},"21":{"start":{"line":50,"column":0},"end":{"line":50,"column":57}},"22":{"start":{"line":52,"column":0},"end":{"line":52,"column":18}},"23":{"start":{"line":55,"column":0},"end":{"line":59,"column":4}},"24":{"start":{"line":62,"column":0},"end":{"line":62,"column":31}},"25":{"start":{"line":63,"column":0},"end":{"line":63,"column":28}},"26":{"start":{"line":65,"column":0},"end":{"line":67,"column":4}},"27":{"start":{"line":70,"column":0},"end":{"line":70,"column":23}},"28":{"start":{"line":73,"column":0},"end":{"line":73,"column":61}},"29":{"start":{"line":75,"column":0},"end":{"line":75,"column":29}},"30":{"start":{"line":76,"column":0},"end":{"line":76,"column":28}},"31":{"start":{"line":80,"column":0},"end":{"line":82,"column":2}},"32":{"start":{"line":81,"column":4},"end":{"line":81,"column":68}},"33":{"start":{"line":84,"column":0},"end":{"line":84,"column":21}}},"fnMap":{"0":{"name":"(anonymous_0)","decl":{"start":{"line":14,"column":23},"end":{"line":14,"column":24}},"loc":{"start":{"line":14,"column":39},"end":{"line":17,"column":1}},"line":14},"1":{"name":"(anonymous_1)","decl":{"start":{"line":21,"column":25},"end":{"line":21,"column":26}},"loc":{"start":{"line":21,"column":40},"end":{"line":25,"column":1}},"line":21},"2":{"name":"verifyCallback","decl":{"start":{"line":44,"column":9},"end":{"line":44,"column":23}},"loc":{"start":{"line":44,"column":66},"end":{"line":48,"column":1}},"line":44},"3":{"name":"(anonymous_3)","decl":{"start":{"line":80,"column":14},"end":{"line":80,"column":15}},"loc":{"start":{"line":80,"column":28},"end":{"line":82,"column":1}},"line":80}},"branchMap":{},"s":{"0":1,"1":1,"2":1,"3":1,"4":1,"5":1,"6":1,"7":1,"8":1,"9":1,"10":0,"11":0,"12":1,"13":0,"14":0,"15":1,"16":1,"17":1,"18":1,"19":0,"20":0,"21":1,"22":1,"23":1,"24":1,"25":1,"26":1,"27":1,"28":1,"29":1,"30":1,"31":1,"32":1,"33":1},"f":{"0":0,"1":0,"2":0,"3":1},"b":{},"_coverageSchema":"1a1c01bbd47fc00a2c39e90264f33305004495a9","hash":"5c3fa2bd75b91228b0fd85094fabd92cdd8bfa98"}
,"C:\\nodeProjects\\fibonacci-web-app\\server\\src\\controllers\\authController.js": {"path":"C:\\nodeProjects\\fibonacci-web-app\\server\\src\\controllers\\authController.js","statementMap":{"0":{"start":{"line":1,"column":16},"end":{"line":6,"column":1}},"1":{"start":{"line":2,"column":4},"end":{"line":2,"column":33}},"2":{"start":{"line":3,"column":4},"end":{"line":5,"column":6}},"3":{"start":{"line":8,"column":0},"end":{"line":10,"column":1}}},"fnMap":{"0":{"name":"(anonymous_0)","decl":{"start":{"line":1,"column":16},"end":{"line":1,"column":17}},"loc":{"start":{"line":1,"column":30},"end":{"line":6,"column":1}},"line":1}},"branchMap":{},"s":{"0":1,"1":0,"2":0,"3":1},"f":{"0":0},"b":{},"_coverageSchema":"1a1c01bbd47fc00a2c39e90264f33305004495a9","hash":"2a6df609f8d0e23430bddc11796df676d1338b99"}
,"C:\\nodeProjects\\fibonacci-web-app\\server\\src\\controllers\\statController.js": {"path":"C:\\nodeProjects\\fibonacci-web-app\\server\\src\\controllers\\statController.js","statementMap":{"0":{"start":{"line":1,"column":17},"end":{"line":1,"column":36}},"1":{"start":{"line":2,"column":18},"end":{"line":2,"column":48}},"2":{"start":{"line":4,"column":17},"end":{"line":15,"column":1}},"3":{"start":{"line":5,"column":17},"end":{"line":5,"column":27}},"4":{"start":{"line":6,"column":19},"end":{"line":6,"column":21}},"5":{"start":{"line":7,"column":2},"end":{"line":7,"column":38}},"6":{"start":{"line":8,"column":21},"end":{"line":8,"column":65}},"7":{"start":{"line":10,"column":2},"end":{"line":12,"column":3}},"8":{"start":{"line":11,"column":6},"end":{"line":11,"column":85}},"9":{"start":{"line":14,"column":2},"end":{"line":14,"column":34}},"10":{"start":{"line":17,"column":20},"end":{"line":41,"column":1}},"11":{"start":{"line":18,"column":2},"end":{"line":18,"column":35}},"12":{"start":{"line":21,"column":14},"end":{"line":21,"column":29}},"13":{"start":{"line":22,"column":19},"end":{"line":22,"column":36}},"14":{"start":{"line":23,"column":12},"end":{"line":23,"column":14}},"15":{"start":{"line":24,"column":2},"end":{"line":24,"column":14}},"16":{"start":{"line":26,"column":2},"end":{"line":26,"column":25}},"17":{"start":{"line":27,"column":21},"end":{"line":34,"column":3}},"18":{"start":{"line":36,"column":2},"end":{"line":38,"column":3}},"19":{"start":{"line":37,"column":4},"end":{"line":37,"column":71}},"20":{"start":{"line":40,"column":2},"end":{"line":40,"column":34}},"21":{"start":{"line":43,"column":0},"end":{"line":46,"column":1}}},"fnMap":{"0":{"name":"(anonymous_0)","decl":{"start":{"line":4,"column":17},"end":{"line":4,"column":18}},"loc":{"start":{"line":4,"column":37},"end":{"line":15,"column":1}},"line":4},"1":{"name":"(anonymous_1)","decl":{"start":{"line":17,"column":20},"end":{"line":17,"column":21}},"loc":{"start":{"line":17,"column":40},"end":{"line":41,"column":1}},"line":17}},"branchMap":{"0":{"loc":{"start":{"line":10,"column":2},"end":{"line":12,"column":3}},"type":"if","locations":[{"start":{"line":10,"column":2},"end":{"line":12,"column":3}},{"start":{},"end":{}}],"line":10},"1":{"loc":{"start":{"line":10,"column":6},"end":{"line":10,"column":44}},"type":"binary-expr","locations":[{"start":{"line":10,"column":6},"end":{"line":10,"column":17}},{"start":{"line":10,"column":21},"end":{"line":10,"column":44}}],"line":10},"2":{"loc":{"start":{"line":36,"column":2},"end":{"line":38,"column":3}},"type":"if","locations":[{"start":{"line":36,"column":2},"end":{"line":38,"column":3}},{"start":{},"end":{}}],"line":36}},"s":{"0":1,"1":1,"2":1,"3":0,"4":0,"5":0,"6":0,"7":0,"8":0,"9":0,"10":1,"11":0,"12":0,"13":0,"14":0,"15":0,"16":0,"17":0,"18":0,"19":0,"20":0,"21":1},"f":{"0":0,"1":0},"b":{"0":[0,0],"1":[0,0],"2":[0,0]},"_coverageSchema":"1a1c01bbd47fc00a2c39e90264f33305004495a9","hash":"dab2e4a5d18a02699a71b50888986ce3eb397bcd"}
,"C:\\nodeProjects\\fibonacci-web-app\\server\\src\\middleware\\requireAuth.js": {"path":"C:\\nodeProjects\\fibonacci-web-app\\server\\src\\middleware\\requireAuth.js","statementMap":{"0":{"start":{"line":1,"column":21},"end":{"line":1,"column":39}},"1":{"start":{"line":2,"column":17},"end":{"line":2,"column":36}},"2":{"start":{"line":5,"column":20},"end":{"line":8,"column":1}},"3":{"start":{"line":10,"column":0},"end":{"line":10,"column":28}}},"fnMap":{"0":{"name":"(anonymous_0)","decl":{"start":{"line":5,"column":20},"end":{"line":5,"column":21}},"loc":{"start":{"line":5,"column":46},"end":{"line":8,"column":1}},"line":5}},"branchMap":{},"s":{"0":1,"1":1,"2":1,"3":1},"f":{"0":0},"b":{},"_coverageSchema":"1a1c01bbd47fc00a2c39e90264f33305004495a9","hash":"a16891c84df0d500722ac984c1442363c0fa9779"}
,"C:\\nodeProjects\\fibonacci-web-app\\server\\src\\models\\statModel": {"path":"C:\\nodeProjects\\fibonacci-web-app\\server\\src\\models\\statModel","statementMap":{"0":{"start":{"line":1,"column":17},"end":{"line":1,"column":36}},"1":{"start":{"line":3,"column":15},"end":{"line":3,"column":30}},"2":{"start":{"line":5,"column":19},"end":{"line":35,"column":24}},"3":{"start":{"line":37,"column":0},"end":{"line":37,"column":51}}},"fnMap":{},"branchMap":{},"s":{"0":1,"1":1,"2":1,"3":1},"f":{},"b":{},"inputSourceMap":null,"_coverageSchema":"1a1c01bbd47fc00a2c39e90264f33305004495a9","hash":"1930c9e689326d8bc58bf0f4ba5f3167cfe9ff9a"}
,"C:\\nodeProjects\\fibonacci-web-app\\server\\src\\routes\\authRoutes.js": {"path":"C:\\nodeProjects\\fibonacci-web-app\\server\\src\\routes\\authRoutes.js","statementMap":{"0":{"start":{"line":1,"column":16},"end":{"line":1,"column":34}},"1":{"start":{"line":2,"column":17},"end":{"line":2,"column":36}},"2":{"start":{"line":3,"column":19},"end":{"line":3,"column":35}},"3":{"start":{"line":4,"column":20},"end":{"line":4,"column":60}},"4":{"start":{"line":7,"column":21},"end":{"line":7,"column":54}},"5":{"start":{"line":8,"column":2},"end":{"line":12,"column":3}},"6":{"start":{"line":9,"column":6},"end":{"line":11,"column":8}},"7":{"start":{"line":13,"column":2},"end":{"line":13,"column":9}},"8":{"start":{"line":16,"column":0},"end":{"line":20,"column":2}},"9":{"start":{"line":22,"column":0},"end":{"line":31,"column":2}},"10":{"start":{"line":29,"column":6},"end":{"line":29,"column":43}},"11":{"start":{"line":33,"column":0},"end":{"line":35,"column":2}},"12":{"start":{"line":34,"column":4},"end":{"line":34,"column":40}},"13":{"start":{"line":37,"column":0},"end":{"line":40,"column":3}},"14":{"start":{"line":38,"column":2},"end":{"line":38,"column":15}},"15":{"start":{"line":39,"column":2},"end":{"line":39,"column":26}},"16":{"start":{"line":42,"column":0},"end":{"line":42,"column":51}},"17":{"start":{"line":44,"column":0},"end":{"line":44,"column":28}}},"fnMap":{"0":{"name":"checkLoggedIn","decl":{"start":{"line":6,"column":9},"end":{"line":6,"column":22}},"loc":{"start":{"line":6,"column":39},"end":{"line":14,"column":1}},"line":6},"1":{"name":"(anonymous_1)","decl":{"start":{"line":28,"column":2},"end":{"line":28,"column":3}},"loc":{"start":{"line":28,"column":16},"end":{"line":30,"column":3}},"line":28},"2":{"name":"(anonymous_2)","decl":{"start":{"line":33,"column":27},"end":{"line":33,"column":28}},"loc":{"start":{"line":33,"column":41},"end":{"line":35,"column":1}},"line":33},"3":{"name":"(anonymous_3)","decl":{"start":{"line":37,"column":26},"end":{"line":37,"column":27}},"loc":{"start":{"line":37,"column":40},"end":{"line":40,"column":1}},"line":37}},"branchMap":{"0":{"loc":{"start":{"line":7,"column":21},"end":{"line":7,"column":54}},"type":"binary-expr","locations":[{"start":{"line":7,"column":21},"end":{"line":7,"column":42}},{"start":{"line":7,"column":46},"end":{"line":7,"column":54}}],"line":7},"1":{"loc":{"start":{"line":8,"column":2},"end":{"line":12,"column":3}},"type":"if","locations":[{"start":{"line":8,"column":2},"end":{"line":12,"column":3}},{"start":{},"end":{}}],"line":8}},"s":{"0":1,"1":1,"2":1,"3":1,"4":0,"5":0,"6":0,"7":0,"8":1,"9":1,"10":0,"11":1,"12":0,"13":1,"14":0,"15":0,"16":1,"17":1},"f":{"0":0,"1":0,"2":0,"3":0},"b":{"0":[0,0],"1":[0,0]},"_coverageSchema":"1a1c01bbd47fc00a2c39e90264f33305004495a9","hash":"6c74abdc38695402caa919d097aa5ecb28ffeee0"}
,"C:\\nodeProjects\\fibonacci-web-app\\server\\src\\routes\\statRoutes.js": {"path":"C:\\nodeProjects\\fibonacci-web-app\\server\\src\\routes\\statRoutes.js","statementMap":{"0":{"start":{"line":1,"column":16},"end":{"line":1,"column":34}},"1":{"start":{"line":2,"column":17},"end":{"line":2,"column":36}},"2":{"start":{"line":3,"column":19},"end":{"line":3,"column":35}},"3":{"start":{"line":4,"column":20},"end":{"line":4,"column":56}},"4":{"start":{"line":6,"column":34},"end":{"line":6,"column":74}},"5":{"start":{"line":10,"column":0},"end":{"line":10,"column":44}},"6":{"start":{"line":13,"column":0},"end":{"line":13,"column":41}},"7":{"start":{"line":16,"column":0},"end":{"line":16,"column":28}}},"fnMap":{},"branchMap":{},"s":{"0":1,"1":1,"2":1,"3":1,"4":1,"5":1,"6":1,"7":1},"f":{},"b":{},"_coverageSchema":"1a1c01bbd47fc00a2c39e90264f33305004495a9","hash":"10fd4f651ce1a9c0b13e2db499a3b984fc8da460"}
}
